<?xml version="1.0" encoding="UTF-8"?>
<robot generator="Robot 4.1.2 (Python 3.9.5 on win32)" generated="20211124 01:03:54.525" rpa="false" schemaversion="2">
<suite id="s1" name="Test" source="E:\Programming\python\HelloRobot\test.robot">
<test id="s1-t1" name="테스트 케이스 예시">
<kw name="Open Browser" library="SeleniumLibrary">
<arg>https://google.com</arg>
<arg>Chrome</arg>
<doc>Opens a new browser instance to the optional ``url``.</doc>
<msg timestamp="20211124 01:03:54.865" level="INFO">Opening browser 'Chrome' to base url 'https://google.com'.</msg>
<status status="PASS" starttime="20211124 01:03:54.865" endtime="20211124 01:03:57.754"/>
</kw>
<kw name="Input Text" library="SeleniumLibrary">
<arg>name=q</arg>
<arg>한양대학교 공학대학원</arg>
<doc>Types the given ``text`` into the text field identified by ``locator``.</doc>
<msg timestamp="20211124 01:03:57.756" level="INFO">Typing text '한양대학교 공학대학원' into text field 'name=q'.</msg>
<status status="PASS" starttime="20211124 01:03:57.755" endtime="20211124 01:03:58.045"/>
</kw>
<kw name="Press Keys" library="SeleniumLibrary">
<arg>name=q</arg>
<arg>RETURN</arg>
<doc>Simulates the user pressing key(s) to an element or on the active browser.</doc>
<msg timestamp="20211124 01:03:58.046" level="INFO">Sending key(s) ('RETURN',) to name=q element.</msg>
<msg timestamp="20211124 01:03:58.327" level="INFO">Pressing special key RETURN to element.</msg>
<msg timestamp="20211124 01:03:58.327" level="INFO">Releasing special key RETURN.</msg>
<status status="PASS" starttime="20211124 01:03:58.046" endtime="20211124 01:03:59.495"/>
</kw>
<kw name="Click Element" library="SeleniumLibrary">
<arg>xpath://*[@id="rso"]/div[1]/div/div/div/div/div/div[1]/a/h3</arg>
<doc>Click the element identified by ``locator``.</doc>
<msg timestamp="20211124 01:03:59.496" level="INFO">Clicking element 'xpath://*[@id="rso"]/div[1]/div/div/div/div/div/div[1]/a/h3'.</msg>
<status status="PASS" starttime="20211124 01:03:59.496" endtime="20211124 01:04:00.211"/>
</kw>
<status status="PASS" starttime="20211124 01:03:54.864" endtime="20211124 01:04:00.213"/>
</test>
<status status="PASS" starttime="20211124 01:03:54.527" endtime="20211124 01:04:00.217"/>
</suite>
<statistics>
<total>
<stat pass="1" fail="0" skip="0">All Tests</stat>
</total>
<tag>
</tag>
<suite>
<stat pass="1" fail="0" skip="0" id="s1" name="Test">Test</stat>
</suite>
</statistics>
<errors>
</errors>
</robot>
